Vivado Simulator 2019.2
Copyright 1986-1999, 2001-2019 Xilinx, Inc. All Rights Reserved.
Running: C:/Xilinx/Vivado/2019.2/bin/unwrapped/win64.o/xelab.exe -wto d079c5bb6a414bd880bbb456bbad12ba --incr --debug typical --relax --mt 2 -L xil_defaultlib -L unisims_ver -L unimacro_ver -L secureip --snapshot Testbench_behav xil_defaultlib.Testbench xil_defaultlib.glbl -log elaborate.log 
Using 2 slave threads.
Starting static elaboration
Pass Through NonSizing Optimizer
Completed static elaboration
Starting simulation data flow analysis
Completed simulation data flow analysis
Time Resolution for simulation is 1ps
Compiling module xil_defaultlib.uCode
Compiling module xil_defaultlib.CONV1D_1st_RAM
Compiling module xil_defaultlib.CONV1D_2nd_RAM
Compiling module xil_defaultlib.CONV1D_3rd_RAM
Compiling module xil_defaultlib.FC_1st_RAM
Compiling module xil_defaultlib.FC_2nd_RAM
Compiling module xil_defaultlib.Weights_RAM
Compiling module xil_defaultlib.Multiply
Compiling module xil_defaultlib.Adder
Compiling module xil_defaultlib.Comparator
Compiling module xil_defaultlib.Comparator_2_into_1
Compiling module xil_defaultlib.Compute_Processor
Compiling module xil_defaultlib.CONV1D_1st_Data_RAM
Compiling module xil_defaultlib.MaxPool_Data_RAM
Compiling module xil_defaultlib.CONV1D_2nd_Data_RAM
Compiling module xil_defaultlib.CONV1D_3rd_Data_RAM
Compiling module xil_defaultlib.FC_1st_Data_RAM
Compiling module xil_defaultlib.FC_2nd_Data_RAM
Compiling module xil_defaultlib.Data_RAM
Compiling module xil_defaultlib.UART_TX
Compiling module xil_defaultlib.UART_TX_Flow_ctrl
Compiling module xil_defaultlib.UART_RX
Compiling module xil_defaultlib.UART_RX_Flow_ctrl
Compiling module xil_defaultlib.Wrapper
Compiling module xil_defaultlib.Testbench
Compiling module xil_defaultlib.glbl
Built simulation snapshot Testbench_behav
